[18:16:33] [ServerMain/INFO]: Environment: Environment[sessionHost=https://sessionserver.mojang.com, servicesHost=https://api.minecraftservices.com, name=PROD]
[18:16:35] [ServerMain/INFO]: Loaded 1370 recipes
[18:16:35] [ServerMain/INFO]: Loaded 1481 advancements
[18:16:35] [Server thread/INFO]: Starting minecraft server version 1.21.4
[18:16:35] [Server thread/INFO]: Loading properties
[18:16:35] [Server thread/INFO]: Default game type: SURVIVAL
[18:16:35] [Server thread/INFO]: Generating keypair
[18:16:35] [Server thread/INFO]: Starting Minecraft server on *:25565
[18:16:35] [Server thread/INFO]: Using default channel type
[18:16:35] [Server thread/WARN]: **** SERVER IS RUNNING IN OFFLINE/INSECURE MODE!
[18:16:35] [Server thread/WARN]: The server will make no attempt to authenticate usernames. Beware.
[18:16:35] [Server thread/WARN]: While this makes the game possible to play without internet access, it also opens up the ability for hackers to connect with any username they choose.
[18:16:35] [Server thread/WARN]: To change this, set "online-mode" to "true" in the server.properties file.
[18:16:35] [Server thread/INFO]: Preparing level "world"
[18:16:35] [Server thread/INFO]: Preparing start region for dimension minecraft:overworld
[18:16:36] [Worker-Main-7/INFO]: Preparing spawn area: 0%
[18:16:36] [Worker-Main-7/INFO]: Preparing spawn area: 0%
[18:16:36] [Server thread/INFO]: Time elapsed: 900 ms
[18:16:36] [Server thread/INFO]: Done (1.201s)! For help, type "help"
[18:17:03] [Netty Server IO #1/ERROR]: Error sending packet clientbound/minecraft:disconnect
io.netty.handler.codec.EncoderException: Sending unknown packet 'clientbound/minecraft:disconnect'
	at ym.a(SourceFile:47) ~[server-1.21.4.jar:?]
	at ym.encode(SourceFile:14) ~[server-1.21.4.jar:?]
	at vu.a(SourceFile:26) ~[server-1.21.4.jar:?]
	at vu.encode(SourceFile:12) ~[server-1.21.4.jar:?]
	at io.netty.handler.codec.MessageToByteEncoder.write(MessageToByteEncoder.java:107) ~[netty-codec-4.1.115.Final.jar:4.1.115.Final]
	at io.netty.channel.AbstractChannelHandlerContext.invokeWrite0(AbstractChannelHandlerContext.java:893) ~[netty-transport-4.1.115.Final.jar:4.1.115.Final]
	at io.netty.channel.AbstractChannelHandlerContext.invokeWrite(AbstractChannelHandlerContext.java:875) ~[netty-transport-4.1.115.Final.jar:4.1.115.Final]
	at io.netty.channel.AbstractChannelHandlerContext.write(AbstractChannelHandlerContext.java:984) ~[netty-transport-4.1.115.Final.jar:4.1.115.Final]
	at io.netty.channel.AbstractChannelHandlerContext.write(AbstractChannelHandlerContext.java:868) ~[netty-transport-4.1.115.Final.jar:4.1.115.Final]
	at io.netty.channel.ChannelOutboundHandlerAdapter.write(ChannelOutboundHandlerAdapter.java:113) ~[netty-transport-4.1.115.Final.jar:4.1.115.Final]
	at vi$2.write(SourceFile:530) ~[server-1.21.4.jar:?]
	at io.netty.channel.AbstractChannelHandlerContext.invokeWrite0(AbstractChannelHandlerContext.java:893) ~[netty-transport-4.1.115.Final.jar:4.1.115.Final]
	at io.netty.channel.AbstractChannelHandlerContext.invokeWriteAndFlush(AbstractChannelHandlerContext.java:956) ~[netty-transport-4.1.115.Final.jar:4.1.115.Final]
	at io.netty.channel.AbstractChannelHandlerContext.write(AbstractChannelHandlerContext.java:982) ~[netty-transport-4.1.115.Final.jar:4.1.115.Final]
	at io.netty.channel.AbstractChannelHandlerContext.writeAndFlush(AbstractChannelHandlerContext.java:950) ~[netty-transport-4.1.115.Final.jar:4.1.115.Final]
	at io.netty.channel.AbstractChannelHandlerContext.writeAndFlush(AbstractChannelHandlerContext.java:1000) ~[netty-transport-4.1.115.Final.jar:4.1.115.Final]
	at io.netty.channel.DefaultChannelPipeline.writeAndFlush(DefaultChannelPipeline.java:974) ~[netty-transport-4.1.115.Final.jar:4.1.115.Final]
	at io.netty.channel.AbstractChannel.writeAndFlush(AbstractChannel.java:305) ~[netty-transport-4.1.115.Final.jar:4.1.115.Final]
	at vi.c(SourceFile:350) ~[server-1.21.4.jar:?]
	at vi.b(SourceFile:343) ~[server-1.21.4.jar:?]
	at vi.a(SourceFile:325) ~[server-1.21.4.jar:?]
	at vi.a(SourceFile:319) ~[server-1.21.4.jar:?]
	at vi.exceptionCaught(SourceFile:170) ~[server-1.21.4.jar:?]
	at io.netty.channel.AbstractChannelHandlerContext.invokeExceptionCaught(AbstractChannelHandlerContext.java:346) ~[netty-transport-4.1.115.Final.jar:4.1.115.Final]
	at io.netty.channel.AbstractChannelHandlerContext.invokeExceptionCaught(AbstractChannelHandlerContext.java:325) ~[netty-transport-4.1.115.Final.jar:4.1.115.Final]
	at io.netty.channel.AbstractChannelHandlerContext.fireExceptionCaught(AbstractChannelHandlerContext.java:317) ~[netty-transport-4.1.115.Final.jar:4.1.115.Final]
	at io.netty.channel.DefaultChannelPipeline$HeadContext.exceptionCaught(DefaultChannelPipeline.java:1324) ~[netty-transport-4.1.115.Final.jar:4.1.115.Final]
	at io.netty.channel.AbstractChannelHandlerContext.invokeExceptionCaught(AbstractChannelHandlerContext.java:346) ~[netty-transport-4.1.115.Final.jar:4.1.115.Final]
	at io.netty.channel.AbstractChannelHandlerContext.invokeExceptionCaught(AbstractChannelHandlerContext.java:325) ~[netty-transport-4.1.115.Final.jar:4.1.115.Final]
	at io.netty.channel.DefaultChannelPipeline.fireExceptionCaught(DefaultChannelPipeline.java:856) ~[netty-transport-4.1.115.Final.jar:4.1.115.Final]
	at io.netty.channel.nio.AbstractNioByteChannel$NioByteUnsafe.handleReadException(AbstractNioByteChannel.java:125) ~[netty-transport-4.1.115.Final.jar:4.1.115.Final]
	at io.netty.channel.nio.AbstractNioByteChannel$NioByteUnsafe.read(AbstractNioByteChannel.java:177) ~[netty-transport-4.1.115.Final.jar:4.1.115.Final]
	at io.netty.channel.nio.NioEventLoop.processSelectedKey(NioEventLoop.java:788) ~[netty-transport-4.1.115.Final.jar:4.1.115.Final]
	at io.netty.channel.nio.NioEventLoop.processSelectedKeysOptimized(NioEventLoop.java:724) ~[netty-transport-4.1.115.Final.jar:4.1.115.Final]
	at io.netty.channel.nio.NioEventLoop.processSelectedKeys(NioEventLoop.java:650) ~[netty-transport-4.1.115.Final.jar:4.1.115.Final]
	at io.netty.channel.nio.NioEventLoop.run(NioEventLoop.java:562) ~[netty-transport-4.1.115.Final.jar:4.1.115.Final]
	at io.netty.util.concurrent.SingleThreadEventExecutor$4.run(SingleThreadEventExecutor.java:997) ~[netty-common-4.1.115.Final.jar:4.1.115.Final]
	at io.netty.util.internal.ThreadExecutorMap$2.run(ThreadExecutorMap.java:74) ~[netty-common-4.1.115.Final.jar:4.1.115.Final]
	at java.base/java.lang.Thread.run(Thread.java:1570) [?:?]
[18:17:07] [Server thread/INFO]: AberuuWasHere[/127.0.0.1:54479] logged in with entity id 4 at (332.9842321236228, 73.0, 1732.0887397176812)
[18:17:07] [Server thread/INFO]: AberuuWasHere joined the game
[18:18:03] [Server thread/INFO]: KunsCoro[/127.147.228.246:54561] logged in with entity id 495 at (348.7490025826991, 88.02442408821369, 1648.0514135295487)
[18:18:03] [Server thread/INFO]: KunsCoro joined the game
[18:26:06] [Server thread/INFO]: [Not Secure] <KunsCoro> zz
[18:52:33] [Server thread/INFO]: AberuuWasHere was slain by Slime
[18:54:07] [Server thread/INFO]: AberuuWasHere was slain by Zombie
[18:58:19] [Server thread/INFO]: AberuuWasHere has made the advancement [Who Needs Rockets?]
[19:06:44] [Server thread/WARN]: KunsCoro moved too quickly! 17.52191944861532,-6.91098680237986,-0.09090813578981471
[19:11:31] [Server thread/INFO]: KunsCoro lost connection: Disconnected
[19:11:31] [Server thread/INFO]: KunsCoro left the game
[19:12:04] [Server thread/INFO]: AberuuWasHere lost connection: Disconnected
[19:12:04] [Server thread/INFO]: AberuuWasHere left the game
[19:13:04] [Server thread/INFO]: Server empty for 60 seconds, pausing
[19:13:24] [Server thread/INFO]: Stopping the server
[19:13:24] [Server thread/INFO]: Stopping server
[19:13:24] [Server thread/INFO]: Saving players
[19:13:24] [Server thread/INFO]: Saving worlds
[19:13:24] [Server thread/INFO]: Saving chunks for level 'ServerLevel[Survival]'/minecraft:overworld
[19:13:24] [Server thread/INFO]: Saving chunks for level 'ServerLevel[Survival]'/minecraft:the_nether
[19:13:24] [Server thread/INFO]: Saving chunks for level 'ServerLevel[Survival]'/minecraft:the_end
[19:13:24] [Server thread/INFO]: ThreadedAnvilChunkStorage (world): All chunks are saved
[19:13:24] [Server thread/INFO]: ThreadedAnvilChunkStorage (DIM-1): All chunks are saved
[19:13:24] [Server thread/INFO]: ThreadedAnvilChunkStorage (DIM1): All chunks are saved
[19:13:24] [Server thread/INFO]: ThreadedAnvilChunkStorage: All dimensions are saved
